Loading cuda/12.2.1-gcc-11.3.1-sdqrj2e
  Loading requirement: gcc-runtime/11.3.1-gcc-11.3.1-jw6fhud
    libiconv/1.17-gcc-11.3.1-h3jdn2x xz/5.4.1-gcc-11.3.1-y32p7p3
    zlib/1.2.13-gcc-11.3.1-dwcx77k libxml2/2.10.3-gcc-11.3.1-m4mk5ab
Loading gcc/13.2.0-gcc-13.2.0-w55nxkl
  Loading requirement: gmp/6.2.1-gcc-13.2.0-lcnhyse
    mpfr/4.2.0-gcc-13.2.0-yy2fkq5 mpc/1.3.1-gcc-13.2.0-5kgoftq
    zlib-ng/2.1.3-gcc-13.2.0-jetnfwa zstd/1.5.5-gcc-13.2.0-t2lua3l
imports finished
after dataset load
train/val: 27000 3000
before model init
Running on cuda:0
Tesla P100-PCIE-16GB
Tesla P100-PCIE-16GB
==========================================================================================
Layer (type:depth-idx)                   Output Shape              Param #
==========================================================================================
├─Conv2d: 1-1                            [-1, 16, 256, 256]        32
├─Block: 1-2                             [-1, 32, 250, 250]        --
|    └─Sequential: 2-1                   [-1, 32, 250, 250]        --
|    |    └─Conv2d: 3-1                  [-1, 32, 254, 254]        4,640
|    |    └─BatchNorm2d: 3-2             [-1, 32, 254, 254]        64
|    |    └─Conv2d: 3-3                  [-1, 32, 252, 252]        9,248
|    |    └─BatchNorm2d: 3-4             [-1, 32, 252, 252]        64
|    |    └─Conv2d: 3-5                  [-1, 32, 250, 250]        9,248
|    |    └─BatchNorm2d: 3-6             [-1, 32, 250, 250]        64
|    |    └─ReLU: 3-7                    [-1, 32, 250, 250]        --
├─MaxPool2d: 1-3                         [-1, 32, 125, 125]        --
├─Block: 1-4                             [-1, 32, 119, 119]        --
|    └─Sequential: 2-2                   [-1, 32, 119, 119]        --
|    |    └─Conv2d: 3-8                  [-1, 32, 123, 123]        9,248
|    |    └─BatchNorm2d: 3-9             [-1, 32, 123, 123]        64
|    |    └─Conv2d: 3-10                 [-1, 32, 121, 121]        9,248
|    |    └─BatchNorm2d: 3-11            [-1, 32, 121, 121]        64
|    |    └─Conv2d: 3-12                 [-1, 32, 119, 119]        9,248
|    |    └─BatchNorm2d: 3-13            [-1, 32, 119, 119]        64
|    |    └─ReLU: 3-14                   [-1, 32, 119, 119]        --
├─MaxPool2d: 1-5                         [-1, 32, 59, 59]          --
├─Block: 1-6                             [-1, 32, 53, 53]          --
|    └─Sequential: 2-3                   [-1, 32, 53, 53]          --
|    |    └─Conv2d: 3-15                 [-1, 32, 57, 57]          9,248
|    |    └─BatchNorm2d: 3-16            [-1, 32, 57, 57]          64
|    |    └─Conv2d: 3-17                 [-1, 32, 55, 55]          9,248
|    |    └─BatchNorm2d: 3-18            [-1, 32, 55, 55]          64
|    |    └─Conv2d: 3-19                 [-1, 32, 53, 53]          9,248
|    |    └─BatchNorm2d: 3-20            [-1, 32, 53, 53]          64
|    |    └─ReLU: 3-21                   [-1, 32, 53, 53]          --
├─MaxPool2d: 1-7                         [-1, 32, 26, 26]          --
├─Block: 1-8                             [-1, 32, 20, 20]          --
|    └─Sequential: 2-4                   [-1, 32, 20, 20]          --
|    |    └─Conv2d: 3-22                 [-1, 32, 24, 24]          9,248
|    |    └─BatchNorm2d: 3-23            [-1, 32, 24, 24]          64
|    |    └─Conv2d: 3-24                 [-1, 32, 22, 22]          9,248
|    |    └─BatchNorm2d: 3-25            [-1, 32, 22, 22]          64
|    |    └─Conv2d: 3-26                 [-1, 32, 20, 20]          9,248
|    |    └─BatchNorm2d: 3-27            [-1, 32, 20, 20]          64
|    |    └─ReLU: 3-28                   [-1, 32, 20, 20]          --
├─Flatten: 1-9                           [-1, 12800]               --
├─Sequential: 1-10                       [-1, 1]                   --
|    └─Linear: 2-5                       [-1, 1024]                13,108,224
|    └─ReLU: 2-6                         [-1, 1024]                --
|    └─Linear: 2-7                       [-1, 64]                  65,600
|    └─ReLU: 2-8                         [-1, 64]                  --
|    └─Linear: 2-9                       [-1, 1]                   65
├─Tanh: 1-11                             [-1, 1]                   --
==========================================================================================
Total params: 13,281,057
Trainable params: 13,281,057
Non-trainable params: 0
Total mult-adds (G): 1.99
==========================================================================================
Input size (MB): 0.25
Forward/backward pass size (MB): 127.63
Params size (MB): 50.66
Estimated Total Size (MB): 178.55
==========================================================================================
==========================================================================================
Layer (type:depth-idx)                   Output Shape              Param #
==========================================================================================
├─Conv2d: 1-1                            [-1, 16, 256, 256]        32
├─Block: 1-2                             [-1, 32, 250, 250]        --
|    └─Sequential: 2-1                   [-1, 32, 250, 250]        --
|    |    └─Conv2d: 3-1                  [-1, 32, 254, 254]        4,640
|    |    └─BatchNorm2d: 3-2             [-1, 32, 254, 254]        64
|    |    └─Conv2d: 3-3                  [-1, 32, 252, 252]        9,248
|    |    └─BatchNorm2d: 3-4             [-1, 32, 252, 252]        64
|    |    └─Conv2d: 3-5                  [-1, 32, 250, 250]        9,248
|    |    └─BatchNorm2d: 3-6             [-1, 32, 250, 250]        64
|    |    └─ReLU: 3-7                    [-1, 32, 250, 250]        --
├─MaxPool2d: 1-3                         [-1, 32, 125, 125]        --
├─Block: 1-4                             [-1, 32, 119, 119]        --
|    └─Sequential: 2-2                   [-1, 32, 119, 119]        --
|    |    └─Conv2d: 3-8                  [-1, 32, 123, 123]        9,248
|    |    └─BatchNorm2d: 3-9             [-1, 32, 123, 123]        64
|    |    └─Conv2d: 3-10                 [-1, 32, 121, 121]        9,248
|    |    └─BatchNorm2d: 3-11            [-1, 32, 121, 121]        64
|    |    └─Conv2d: 3-12                 [-1, 32, 119, 119]        9,248
|    |    └─BatchNorm2d: 3-13            [-1, 32, 119, 119]        64
|    |    └─ReLU: 3-14                   [-1, 32, 119, 119]        --
├─MaxPool2d: 1-5                         [-1, 32, 59, 59]          --
├─Block: 1-6                             [-1, 32, 53, 53]          --
|    └─Sequential: 2-3                   [-1, 32, 53, 53]          --
|    |    └─Conv2d: 3-15                 [-1, 32, 57, 57]          9,248
|    |    └─BatchNorm2d: 3-16            [-1, 32, 57, 57]          64
|    |    └─Conv2d: 3-17                 [-1, 32, 55, 55]          9,248
|    |    └─BatchNorm2d: 3-18            [-1, 32, 55, 55]          64
|    |    └─Conv2d: 3-19                 [-1, 32, 53, 53]          9,248
|    |    └─BatchNorm2d: 3-20            [-1, 32, 53, 53]          64
|    |    └─ReLU: 3-21                   [-1, 32, 53, 53]          --
├─MaxPool2d: 1-7                         [-1, 32, 26, 26]          --
├─Block: 1-8                             [-1, 32, 20, 20]          --
|    └─Sequential: 2-4                   [-1, 32, 20, 20]          --
|    |    └─Conv2d: 3-22                 [-1, 32, 24, 24]          9,248
|    |    └─BatchNorm2d: 3-23            [-1, 32, 24, 24]          64
|    |    └─Conv2d: 3-24                 [-1, 32, 22, 22]          9,248
|    |    └─BatchNorm2d: 3-25            [-1, 32, 22, 22]          64
|    |    └─Conv2d: 3-26                 [-1, 32, 20, 20]          9,248
|    |    └─BatchNorm2d: 3-27            [-1, 32, 20, 20]          64
|    |    └─ReLU: 3-28                   [-1, 32, 20, 20]          --
├─Flatten: 1-9                           [-1, 12800]               --
├─Sequential: 1-10                       [-1, 1]                   --
|    └─Linear: 2-5                       [-1, 1024]                13,108,224
|    └─ReLU: 2-6                         [-1, 1024]                --
|    └─Linear: 2-7                       [-1, 64]                  65,600
|    └─ReLU: 2-8                         [-1, 64]                  --
|    └─Linear: 2-9                       [-1, 1]                   65
├─Tanh: 1-11                             [-1, 1]                   --
==========================================================================================
Total params: 13,281,057
Trainable params: 13,281,057
Non-trainable params: 0
Total mult-adds (G): 1.99
==========================================================================================
Input size (MB): 0.25
Forward/backward pass size (MB): 127.63
Params size (MB): 50.66
Estimated Total Size (MB): 178.55
==========================================================================================

EPOCH 1:
LOSS train 0.997395787546985 valid 1.0004185438156128
saved to: ./checkpoints/05_29_2024_05:10:43/epoch_0-val_1.0004185438156128-train_0.997395787546985.pt
EPOCH 2:
LOSS train 1.0015896527688086 valid 0.999581515789032
saved to: ./checkpoints/05_29_2024_05:10:43/epoch_1-val_0.999581515789032-train_1.0015896527688086.pt
EPOCH 3:
LOSS train 1.00158718440205 valid 1.0004185438156128
EPOCH 4:
LOSS train 1.001594589784812 valid 0.9991629123687744
saved to: ./checkpoints/05_29_2024_05:10:43/epoch_3-val_0.9991629123687744-train_1.001594589784812.pt
EPOCH 5:
LOSS train 1.0015921208530805 valid 1.0
EPOCH 6:
LOSS train 1.0015896527688086 valid 0.999581515789032
EPOCH 7:
LOSS train 1.00158718440205 valid 1.0008370876312256
EPOCH 8:
LOSS train 1.00158718440205 valid 1.0
EPOCH 9:
LOSS train 1.0016019948850876 valid 1.0
EPOCH 10:
LOSS train 1.001584715752805 valid 1.0004185438156128
EPOCH 11:
LOSS train 1.0015921208530805 valid 1.0
EPOCH 12:
LOSS train 1.0015970581515705 valid 1.0004185438156128
EPOCH 13:
LOSS train 1.0015921208530805 valid 1.0004185438156128
EPOCH 14:
LOSS train 1.0015921208530805 valid 0.999581515789032
EPOCH 15:
LOSS train 1.001599526518329 valid 0.999581515789032
EPOCH 16:
LOSS train 1.0015896527688086 valid 1.0
EPOCH 17:
