Loading cuda/12.2.1-gcc-11.3.1-sdqrj2e
  Loading requirement: gcc-runtime/11.3.1-gcc-11.3.1-jw6fhud
    libiconv/1.17-gcc-11.3.1-h3jdn2x xz/5.4.1-gcc-11.3.1-y32p7p3
    zlib/1.2.13-gcc-11.3.1-dwcx77k libxml2/2.10.3-gcc-11.3.1-m4mk5ab
Loading gcc/13.2.0-gcc-13.2.0-w55nxkl
  Loading requirement: gmp/6.2.1-gcc-13.2.0-lcnhyse
    mpfr/4.2.0-gcc-13.2.0-yy2fkq5 mpc/1.3.1-gcc-13.2.0-5kgoftq
    zlib-ng/2.1.3-gcc-13.2.0-jetnfwa zstd/1.5.5-gcc-13.2.0-t2lua3l
imports finished
after dataset load
train/val: 4500 500
before model init
after model init
Epoch 0/24
----------
train Loss: 99.8760 Acc: 2.3056
val Loss: 40.5506 Acc: 5.2500

Epoch 1/24
----------
train Loss: 30.5428 Acc: 6.3889
val Loss: 22.9952 Acc: 8.7500

Epoch 2/24
----------
train Loss: 26.5521 Acc: 7.0278
val Loss: 23.5638 Acc: 10.7500

Epoch 3/24
----------
train Loss: 25.7007 Acc: 7.8611
val Loss: 21.8976 Acc: 9.2500

Epoch 4/24
----------
train Loss: 24.5567 Acc: 9.5278
val Loss: 25.9415 Acc: 2.0000

Epoch 5/24
----------
train Loss: 24.6315 Acc: 8.7778
val Loss: 24.3719 Acc: 2.7500

Epoch 6/24
----------
train Loss: 26.7147 Acc: 6.6111
val Loss: 22.3275 Acc: 13.5000

Epoch 7/24
----------
train Loss: 23.1389 Acc: 9.3611
val Loss: 21.9818 Acc: 8.5000

Epoch 8/24
----------
train Loss: 23.1284 Acc: 9.5278
val Loss: 21.9894 Acc: 8.0000

Epoch 9/24
----------
train Loss: 23.0220 Acc: 10.0000
val Loss: 21.9177 Acc: 8.2500

Epoch 10/24
----------
train Loss: 23.1982 Acc: 9.5000
val Loss: 22.0142 Acc: 9.0000

Epoch 11/24
----------
train Loss: 23.1710 Acc: 10.5833
val Loss: 21.4945 Acc: 11.2500

Epoch 12/24
----------
train Loss: 23.0142 Acc: 9.0556
val Loss: 21.6374 Acc: 7.5000

Epoch 13/24
----------
train Loss: 22.9883 Acc: 10.7222
val Loss: 21.7968 Acc: 8.0000

Epoch 14/24
----------
train Loss: 22.8922 Acc: 10.2500
val Loss: 21.5407 Acc: 8.5000

Epoch 15/24
----------
train Loss: 22.8649 Acc: 9.9167
val Loss: 21.5731 Acc: 9.5000

Epoch 16/24
----------
train Loss: 22.8694 Acc: 8.9722
val Loss: 21.5636 Acc: 8.2500

Epoch 17/24
----------
train Loss: 22.8979 Acc: 10.2222
val Loss: 21.5223 Acc: 8.0000

Epoch 18/24
----------
train Loss: 22.9073 Acc: 9.9722
val Loss: 21.5895 Acc: 7.7500

Epoch 19/24
----------
train Loss: 22.9446 Acc: 10.0278
val Loss: 21.5742 Acc: 7.0000

Epoch 20/24
----------
train Loss: 22.8523 Acc: 9.1944
val Loss: 21.5749 Acc: 7.5000

Epoch 21/24
----------
train Loss: 22.8693 Acc: 10.3611
val Loss: 21.5266 Acc: 8.5000

Epoch 22/24
----------
train Loss: 22.8698 Acc: 8.9722
val Loss: 21.5051 Acc: 7.0000

Epoch 23/24
----------
train Loss: 22.8551 Acc: 9.8611
val Loss: 21.5138 Acc: 8.0000

Epoch 24/24
----------
train Loss: 22.8751 Acc: 9.8889
val Loss: 21.4881 Acc: 7.5000

Training complete in 29m 23s
Best val Acc: 13.500000
After model train
