Loading cuda/12.2.1-gcc-11.3.1-sdqrj2e
  Loading requirement: gcc-runtime/11.3.1-gcc-11.3.1-jw6fhud
    libiconv/1.17-gcc-11.3.1-h3jdn2x xz/5.4.1-gcc-11.3.1-y32p7p3
    zlib/1.2.13-gcc-11.3.1-dwcx77k libxml2/2.10.3-gcc-11.3.1-m4mk5ab
Loading gcc/13.2.0-gcc-13.2.0-w55nxkl
  Loading requirement: gmp/6.2.1-gcc-13.2.0-lcnhyse
    mpfr/4.2.0-gcc-13.2.0-yy2fkq5 mpc/1.3.1-gcc-13.2.0-5kgoftq
    zlib-ng/2.1.3-gcc-13.2.0-jetnfwa zstd/1.5.5-gcc-13.2.0-t2lua3l
imports finished
after dataset load
train/val: 4500 500
before model init
after model init
Epoch 0/24
----------
train Loss: 49.8615 Acc: 3.6944
val Loss: 27.6229 Acc: 8.2500

Epoch 1/24
----------
train Loss: 28.1718 Acc: 7.6111
val Loss: 26.9360 Acc: 4.5000

Epoch 2/24
----------
train Loss: 25.9191 Acc: 7.8889
val Loss: 26.9460 Acc: 4.5000

Epoch 3/24
----------
train Loss: 25.0431 Acc: 9.1667
val Loss: 26.3510 Acc: 3.0000

Epoch 4/24
----------
train Loss: 25.5807 Acc: 7.3333
val Loss: 24.7718 Acc: 4.0000

Epoch 5/24
----------
train Loss: 24.8176 Acc: 8.1111
val Loss: 29.1507 Acc: 8.0000

Epoch 6/24
----------
train Loss: 25.1054 Acc: 8.4722
val Loss: 23.4172 Acc: 10.2500

Epoch 7/24
----------
train Loss: 22.8585 Acc: 9.3611
val Loss: 23.3850 Acc: 9.7500

Epoch 8/24
----------
train Loss: 22.8146 Acc: 9.9167
val Loss: 23.4002 Acc: 9.7500

Epoch 9/24
----------
train Loss: 22.8093 Acc: 9.3056
val Loss: 23.3743 Acc: 10.2500

Epoch 10/24
----------
train Loss: 22.7258 Acc: 10.0000
val Loss: 23.3616 Acc: 9.5000

Epoch 11/24
----------
train Loss: 22.7521 Acc: 9.5556
val Loss: 23.3293 Acc: 9.5000

Epoch 12/24
----------
train Loss: 22.7855 Acc: 9.5000
val Loss: 23.4000 Acc: 11.2500

Epoch 13/24
----------
train Loss: 22.6887 Acc: 9.4722
val Loss: 23.3330 Acc: 11.0000

Epoch 14/24
----------
train Loss: 22.7129 Acc: 9.9167
val Loss: 23.3519 Acc: 9.5000

Epoch 15/24
----------
train Loss: 22.6356 Acc: 10.1944
val Loss: 23.2819 Acc: 9.2500

Epoch 16/24
----------
train Loss: 22.6067 Acc: 8.3611
val Loss: 23.3047 Acc: 9.2500

Epoch 17/24
----------
train Loss: 22.5833 Acc: 9.3333
val Loss: 23.2994 Acc: 11.0000

Epoch 18/24
----------
train Loss: 22.6750 Acc: 9.6111
val Loss: 23.3565 Acc: 10.0000

Epoch 19/24
----------
train Loss: 22.6074 Acc: 9.3333
val Loss: 23.3007 Acc: 9.2500

Epoch 20/24
----------
train Loss: 22.6243 Acc: 9.3611
val Loss: 23.2920 Acc: 9.0000

Epoch 21/24
----------
train Loss: 22.5228 Acc: 8.5278
val Loss: 23.3751 Acc: 10.7500

Epoch 22/24
----------
train Loss: 22.5397 Acc: 9.3611
val Loss: 23.3156 Acc: 9.2500

Epoch 23/24
----------
train Loss: 22.5990 Acc: 9.1389
val Loss: 23.2626 Acc: 9.2500

Epoch 24/24
----------
train Loss: 22.5755 Acc: 9.4722
val Loss: 23.3029 Acc: 9.5000

Training complete in 29m 57s
Best val Acc: 11.250000
After model train
