Loading cuda/12.2.1-gcc-11.3.1-sdqrj2e
  Loading requirement: gcc-runtime/11.3.1-gcc-11.3.1-jw6fhud
    libiconv/1.17-gcc-11.3.1-h3jdn2x xz/5.4.1-gcc-11.3.1-y32p7p3
    zlib/1.2.13-gcc-11.3.1-dwcx77k libxml2/2.10.3-gcc-11.3.1-m4mk5ab
Loading gcc/13.2.0-gcc-13.2.0-w55nxkl
  Loading requirement: gmp/6.2.1-gcc-13.2.0-lcnhyse
    mpfr/4.2.0-gcc-13.2.0-yy2fkq5 mpc/1.3.1-gcc-13.2.0-5kgoftq
    zlib-ng/2.1.3-gcc-13.2.0-jetnfwa zstd/1.5.5-gcc-13.2.0-t2lua3l
imports finished
after dataset load
train/val: 4500 500
before model init
after model init
Epoch 0/24
----------
train Loss: 98.6598 Acc: 1.5556
val Loss: 76.5309 Acc: 2.5000

Epoch 1/24
----------
train Loss: 74.2791 Acc: 1.7778
val Loss: 70.5504 Acc: 2.0000

Epoch 2/24
----------
train Loss: 67.7431 Acc: 2.6389
val Loss: 74.9064 Acc: 1.0000

Epoch 3/24
----------
train Loss: 75.8141 Acc: 2.2500
val Loss: 105.4538 Acc: 2.2500

Epoch 4/24
----------
train Loss: 71.0756 Acc: 2.8611
val Loss: 68.2150 Acc: 2.2500

Epoch 5/24
----------
train Loss: 65.0394 Acc: 2.3889
val Loss: 67.6267 Acc: 1.7500

Epoch 6/24
----------
train Loss: 64.4842 Acc: 2.1944
val Loss: 71.9947 Acc: 2.2500

Epoch 7/24
----------
train Loss: 61.1004 Acc: 2.4722
val Loss: 67.8188 Acc: 3.2500

Epoch 8/24
----------
train Loss: 60.6362 Acc: 2.1667
val Loss: 67.7902 Acc: 3.0000

Epoch 9/24
----------
train Loss: 61.1703 Acc: 2.6667
val Loss: 69.5435 Acc: 2.0000

Epoch 10/24
----------
train Loss: 61.2969 Acc: 2.5833
val Loss: 68.1368 Acc: 2.2500

Epoch 11/24
----------
train Loss: 60.7355 Acc: 2.4167
val Loss: 68.1608 Acc: 2.7500

Epoch 12/24
----------
train Loss: 60.7527 Acc: 2.6944
val Loss: 68.4604 Acc: 1.5000

Epoch 13/24
----------
train Loss: 61.2902 Acc: 2.0833
val Loss: 67.8282 Acc: 2.0000

Epoch 14/24
----------
train Loss: 60.1219 Acc: 2.6944
val Loss: 67.9672 Acc: 2.2500

Epoch 15/24
----------
train Loss: 59.9112 Acc: 2.0000
val Loss: 67.9086 Acc: 2.2500

Epoch 16/24
----------
train Loss: 60.1378 Acc: 2.8611
val Loss: 67.7544 Acc: 2.7500

Epoch 17/24
----------
train Loss: 60.2605 Acc: 2.1389
val Loss: 67.8635 Acc: 2.0000

Epoch 18/24
----------
train Loss: 59.8731 Acc: 2.7778
val Loss: 67.7634 Acc: 3.0000

Epoch 19/24
----------
train Loss: 59.9872 Acc: 2.1667
val Loss: 67.7866 Acc: 1.7500

Epoch 20/24
----------
train Loss: 60.1579 Acc: 2.4444
val Loss: 68.0257 Acc: 3.0000

Epoch 21/24
----------
train Loss: 60.0576 Acc: 2.7222
val Loss: 68.1081 Acc: 1.7500

Epoch 22/24
----------
train Loss: 60.0110 Acc: 2.5278
val Loss: 67.7917 Acc: 2.2500

Epoch 23/24
----------
train Loss: 60.0331 Acc: 2.5000
val Loss: 67.8219 Acc: 1.7500

Epoch 24/24
----------
train Loss: 59.8978 Acc: 2.5000
val Loss: 68.0478 Acc: 2.7500

Training complete in 27m 34s
Best val Acc: 3.250000
After model train
