Loading cuda/12.2.1-gcc-11.3.1-sdqrj2e
  Loading requirement: gcc-runtime/11.3.1-gcc-11.3.1-jw6fhud
    libiconv/1.17-gcc-11.3.1-h3jdn2x xz/5.4.1-gcc-11.3.1-y32p7p3
    zlib/1.2.13-gcc-11.3.1-dwcx77k libxml2/2.10.3-gcc-11.3.1-m4mk5ab
Loading gcc/13.2.0-gcc-13.2.0-w55nxkl
  Loading requirement: gmp/6.2.1-gcc-13.2.0-lcnhyse
    mpfr/4.2.0-gcc-13.2.0-yy2fkq5 mpc/1.3.1-gcc-13.2.0-5kgoftq
    zlib-ng/2.1.3-gcc-13.2.0-jetnfwa zstd/1.5.5-gcc-13.2.0-t2lua3l
imports complete
dataset loaded
train/val: 4500 500
training/validation split made
Epoch 0/1
----------
train Loss: 43.9839 Acc: 38.6389
val Loss: 51.2267 Acc: 29.7500

Epoch 1/1
----------
train Loss: 34.1965 Acc: 42.9167
val Loss: 43.7320 Acc: 31.5000

Training complete in 2m 25s
Best val Acc: 31.500000
After model train
